5994 app_context::start_logger  476 ---- 2026/04/21 17:54:32.157 -------------------------------------------------
5994 app_context::start_logger  479 Host process is 'cmd.exe' (pid 22932)
5994 app_context::start_logger  483 DLL path is 'C:\Publicitaria\cmder_mini\vendor\clink'
5994 app_context::start_logger  498 Windows version 10.0.26200 (x64)
5994 app_context::start_logger  500 Clink version 1.6.14.93b83f (x64)
5994 hook_setter::hook_setter  159 >>> Started hook transaction.
5994 hook_setter::attach_iat   316 Attempting to hook SetEnvironmentVariableW in IAT for module 00007FF7FE310000.
5994 pe_info::iterate_imports  195 Found import in 'api-ms-win-core-processenvironment-l1-1-0.dll'
5994 find_iat                  124 Found import at 00007FF7FE34AE70 (value is 00007FFF498837F0).
5994 hook_setter::attach_iat   316 Attempting to hook SetEnvironmentStringsW in IAT for module 00007FF7FE310000.
5994 pe_info::iterate_imports  195 Found import in 'api-ms-win-core-processenvironment-l1-1-0.dll'
5994 find_iat                  124 Found import at 00007FF7FE34AE78 (value is 00007FFF49896C80).
5994 hook_setter::attach_iat   316 Attempting to hook WriteConsoleW in IAT for module 00007FF7FE310000.
5994 pe_info::iterate_imports  195 Found import in 'api-ms-win-core-console-l1-1-0.dll'
5994 find_iat                  124 Found import at 00007FF7FE34AAB8 (value is 00007FFF4987DC60).
5994 hook_setter::attach_iat   316 Attempting to hook GetEnvironmentVariableW in IAT for module 00007FF7FE310000.
5994 pe_info::iterate_imports  195 Found import in 'api-ms-win-core-processenvironment-l1-1-0.dll'
5994 find_iat                  124 Found import at 00007FF7FE34AE50 (value is 00007FFF49864060).
5994 hook_setter::commit       207 <<< Hook transaction committed.
5994 hook_setter::hook_setter  159 >>> Started hook transaction.
5994 hook_setter::detach_iat   359 Attempting to unhook 00007FFE6ADA5200 from GetEnvironmentVariableW in IAT for module 00007FF7FE310000.
5994 pe_info::iterate_imports  195 Found import in 'api-ms-win-core-processenvironment-l1-1-0.dll'
5994 find_iat                  124 Found import at 00007FF7FE34AE50 (value is 00007FFE6ADA5200).
5994 hook_setter::commit       207 <<< Hook transaction committed.
5994 hook_setter::hook_setter  159 >>> Started hook transaction.
5994 hook_setter::attach_iat   316 Attempting to hook ReadConsoleW in IAT for module 00007FF7FE310000.
5994 pe_info::iterate_imports  195 Found import in 'api-ms-win-core-console-l1-1-0.dll'
5994 find_iat                  124 Found import at 00007FF7FE34AAC8 (value is 00007FFF49864880).
5994 hook_setter::commit       207 <<< Hook transaction committed.
5994 hook_setter::hook_setter  159 >>> Started hook transaction.
5994 hook_setter::attach_iat   316 Attempting to hook SetConsoleTitleW in IAT for module 00007FF7FE310000.
5994 pe_info::iterate_imports  195 Found import in 'api-ms-win-core-console-l2-2-0.dll'
5994 find_iat                  124 Found import at 00007FF7FE34AB30 (value is 00007FFF49872FD0).
5994 hook_setter::commit       207 <<< Hook transaction committed.
5994 win_screen_buffer::begin  366 Using native terminal support (auto mode found 'ConEmuHk64.dll').
5994 reset_handle              144 resetting mismatched stdin handle
5994 reset_handle              144 resetting mismatched stdout handle
5994 reset_handle              144 resetting mismatched stderr handle
5994 reset_handle              144 resetting mismatched stdout handle
5994 reset_handle              144 resetting mismatched stderr handle
5994 host_lua::load_scripts    192 Loaded 2 Lua scripts in 188 ms
5994 @~clink~/app/update.lua   370 Clink updater: too soon to check for updates (1776796433 vs 1776812074).
5994 history_db::initialise   1321 master bank ctag: |CTAG_1776796429_368751265_31428_0
5994 history_db::compact      1599 History:  40 active, 20 deleted
5994 reset_handle              144 resetting mismatched stdout handle
5994 reset_handle              144 resetting mismatched stderr handle
5994 history_db::compact      1599 History:  39 active, 21 deleted
5994 reset_handle              144 resetting mismatched stdout handle
5994 reset_handle              144 resetting mismatched stderr handle
5994 history_db::compact      1599 History:  39 active, 21 deleted
5994 reset_handle              144 resetting mismatched stdout handle
5994 reset_handle              144 resetting mismatched stderr handle
5994 history_db::compact      1599 History:  38 active, 22 deleted
5994 reset_handle              144 resetting mismatched stdout handle
5994 reset_handle              144 resetting mismatched stderr handle
5994 history_db::compact      1599 History:  37 active, 23 deleted
5994 reset_handle              144 resetting mismatched stdout handle
5994 reset_handle              144 resetting mismatched stderr handle
5994 history_db::compact      1599 History:  37 active, 23 deleted
5994 reset_handle              144 resetting mismatched stdout handle
5994 reset_handle              144 resetting mismatched stderr handle
5994 history_db::compact      1599 History:  37 active, 23 deleted
